# JRE version: OpenJDK Runtime Environment GraalVM CE 22.3.0 (17.0.5+8) (build 17.0.5+8-jvmci-22.3-b08)
# Java VM: OpenJDK 64-Bit Server VM GraalVM CE 22.3.0 (17.0.5+8-jvmci-22.3-b08, mixed mode, sharing, tiered, jvmci, jvmci compiler, compressed oops, compressed class ptrs, parallel gc, linux-amd64)
GC Precious Log:
 CPUs: 8 total, 1 available
 Memory: 1024M
 Large Page Support: Disabled
 NUMA Support: Disabled
 Compressed Oops: Enabled (32-bit)
 Alignments: Space 512K, Generation 512K, Heap 2M
 Heap Min Capacity: 100M
 Heap Initial Capacity: 100M
 Heap Max Capacity: 512M
 Pre-touch: Disabled
 Parallel Workers: 1
Heap:
 PSYoungGen      total 38400K, used 27648K [0x00000000f5580000, 0x00000000f8980000, 0x0000000100000000)
  eden space 27648K, 100% used [0x00000000f5580000,0x00000000f7080000,0x00000000f7080000)
  from space 10752K, 0% used [0x00000000f7f00000,0x00000000f7f00000,0x00000000f8980000)
  to   space 11776K, 0% used [0x00000000f7080000,0x00000000f7080000,0x00000000f7c00000)
 ParOldGen       total 349696K, used 349695K [0x00000000e0000000, 0x00000000f5580000, 0x00000000f5580000)
  object space 349696K, 99% used [0x00000000e0000000,0x00000000f557fff0,0x00000000f5580000)
 Metaspace       used 60347K, committed 61632K, reserved 1105920K
  class space    used 5912K, committed 6464K, reserved 1048576K
GC Heap History (20 events):
Event: 339.338 GC heap before
{Heap before GC invocations=239 (full 142):
 PSYoungGen      total 38400K, used 27647K [0x00000000f5580000, 0x00000000f8980000, 0x0000000100000000)
  eden space 27648K, 99% used [0x00000000f5580000,0x00000000f707ffe0,0x00000000f7080000)
  from space 10752K, 0% used [0x00000000f7f00000,0x00000000f7f00000,0x00000000f8980000)
  to   space 11776K, 0% used [0x00000000f7080000,0x00000000f7080000,0x00000000f7c00000)
 ParOldGen       total 349696K, used 349692K [0x00000000e0000000, 0x00000000f5580000, 0x00000000f5580000)
  object space 349696K, 99% used [0x00000000e0000000,0x00000000f557f048,0x00000000f5580000)
 Metaspace       used 60345K, committed 61632K, reserved 1105920K
  class space    used 5911K, committed 6464K, reserved 1048576K
}
Event: 341.291 GC heap after
{Heap after GC invocations=239 (full 142):
 PSYoungGen      total 39424K, used 27647K [0x00000000f5580000, 0x00000000f8980000, 0x0000000100000000)
  eden space 27648K, 99% used [0x00000000f5580000,0x00000000f707ffe0,0x00000000f7080000)
  from space 11776K, 0% used [0x00000000f7080000,0x00000000f7080000,0x00000000f7c00000)
  to   space 10752K, 0% used [0x00000000f7f00000,0x00000000f7f00000,0x00000000f8980000)
 ParOldGen       total 349696K, used 349692K [0x00000000e0000000, 0x00000000f5580000, 0x00000000f5580000)
  object space 349696K, 99% used [0x00000000e0000000,0x00000000f557f048,0x00000000f5580000)
 Metaspace       used 60345K, committed 61632K, reserved 1105920K
  class space    used 5911K, committed 6464K, reserved 1048576K
}
Event: 341.292 GC heap before
{Heap before GC invocations=240 (full 143):
 PSYoungGen      total 39424K, used 27647K [0x00000000f5580000, 0x00000000f8980000, 0x0000000100000000)
  eden space 27648K, 99% used [0x00000000f5580000,0x00000000f707fff8,0x00000000f7080000)
  from space 11776K, 0% used [0x00000000f7080000,0x00000000f7080000,0x00000000f7c00000)
  to   space 10752K, 0% used [0x00000000f7f00000,0x00000000f7f00000,0x00000000f8980000)
 ParOldGen       total 349696K, used 349695K [0x00000000e0000000, 0x00000000f5580000, 0x00000000f5580000)
  object space 349696K, 99% used [0x00000000e0000000,0x00000000f557ff78,0x00000000f5580000)
 Metaspace       used 60345K, committed 61632K, reserved 1105920K
  class space    used 5911K, committed 6464K, reserved 1048576K
}
Event: 342.997 GC heap after
{Heap after GC invocations=240 (full 143):
 PSYoungGen      total 38400K, used 27647K [0x00000000f5580000, 0x00000000f8980000, 0x0000000100000000)
  eden space 27648K, 99% used [0x00000000f5580000,0x00000000f707ffa0,0x00000000f7080000)
  from space 10752K, 0% used [0x00000000f7f00000,0x00000000f7f00000,0x00000000f8980000)
  to   space 11776K, 0% used [0x00000000f7080000,0x00000000f7080000,0x00000000f7c00000)
 ParOldGen       total 349696K, used 349693K [0x00000000e0000000, 0x00000000f5580000, 0x00000000f5580000)
  object space 349696K, 99% used [0x00000000e0000000,0x00000000f557f630,0x00000000f5580000)
 Metaspace       used 60345K, committed 61632K, reserved 1105920K
  class space    used 5911K, committed 6464K, reserved 1048576K
}
Event: 343.002 GC heap before
{Heap before GC invocations=241 (full 144):
 PSYoungGen      total 38400K, used 27647K [0x00000000f5580000, 0x00000000f8980000, 0x0000000100000000)
  eden space 27648K, 99% used [0x00000000f5580000,0x00000000f707fff8,0x00000000f7080000)
  from space 10752K, 0% used [0x00000000f7f00000,0x00000000f7f00000,0x00000000f8980000)
  to   space 11776K, 0% used [0x00000000f7080000,0x00000000f7080000,0x00000000f7c00000)
 ParOldGen       total 349696K, used 349695K [0x00000000e0000000, 0x00000000f5580000, 0x00000000f5580000)
  object space 349696K, 99% used [0x00000000e0000000,0x00000000f557fe38,0x00000000f5580000)
 Metaspace       used 60347K, committed 61632K, reserved 1105920K
  class space    used 5912K, committed 6464K, reserved 1048576K
}
Event: 344.719 GC heap after
{Heap after GC invocations=241 (full 144):
 PSYoungGen      total 39424K, used 27647K [0x00000000f5580000, 0x00000000f8980000, 0x0000000100000000)
  eden space 27648K, 99% used [0x00000000f5580000,0x00000000f707ff38,0x00000000f7080000)
  from space 11776K, 0% used [0x00000000f7080000,0x00000000f7080000,0x00000000f7c00000)
  to   space 10752K, 0% used [0x00000000f7f00000,0x00000000f7f00000,0x00000000f8980000)
 ParOldGen       total 349696K, used 349693K [0x00000000e0000000, 0x00000000f5580000, 0x00000000f5580000)
  object space 349696K, 99% used [0x00000000e0000000,0x00000000f557f4c8,0x00000000f5580000)
 Metaspace       used 60347K, committed 61632K, reserved 1105920K
  class space    used 5912K, committed 6464K, reserved 1048576K
}
Event: 344.720 GC heap before
{Heap before GC invocations=242 (full 145):
 PSYoungGen      total 39424K, used 27648K [0x00000000f5580000, 0x00000000f8980000, 0x0000000100000000)
  eden space 27648K, 100% used [0x00000000f5580000,0x00000000f7080000,0x00000000f7080000)
  from space 11776K, 0% used [0x00000000f7080000,0x00000000f7080000,0x00000000f7c00000)
  to   space 10752K, 0% used [0x00000000f7f00000,0x00000000f7f00000,0x00000000f8980000)
 ParOldGen       total 349696K, used 349693K [0x00000000e0000000, 0x00000000f5580000, 0x00000000f5580000)
  object space 349696K, 99% used [0x00000000e0000000,0x00000000f557f4c8,0x00000000f5580000)
 Metaspace       used 60347K, committed 61632K, reserved 1105920K
  class space    used 5912K, committed 6464K, reserved 1048576K
}
Event: 346.324 GC heap after
{Heap after GC invocations=242 (full 145):
 PSYoungGen      total 38400K, used 27648K [0x00000000f5580000, 0x00000000f8980000, 0x0000000100000000)
  eden space 27648K, 100% used [0x00000000f5580000,0x00000000f7080000,0x00000000f7080000)
  from space 10752K, 0% used [0x00000000f7f00000,0x00000000f7f00000,0x00000000f8980000)
  to   space 11776K, 0% used [0x00000000f7080000,0x00000000f7080000,0x00000000f7c00000)
 ParOldGen       total 349696K, used 349693K [0x00000000e0000000, 0x00000000f5580000, 0x00000000f5580000)
  object space 349696K, 99% used [0x00000000e0000000,0x00000000f557f4c8,0x00000000f5580000)
 Metaspace       used 60347K, committed 61632K, reserved 1105920K
  class space    used 5912K, committed 6464K, reserved 1048576K
}
Event: 346.325 GC heap before
{Heap before GC invocations=243 (full 146):
 PSYoungGen      total 38400K, used 27648K [0x00000000f5580000, 0x00000000f8980000, 0x0000000100000000)
  eden space 27648K, 100% used [0x00000000f5580000,0x00000000f7080000,0x00000000f7080000)
  from space 10752K, 0% used [0x00000000f7f00000,0x00000000f7f00000,0x00000000f8980000)
  to   space 11776K, 0% used [0x00000000f7080000,0x00000000f7080000,0x00000000f7c00000)
 ParOldGen       total 349696K, used 349694K [0x00000000e0000000, 0x00000000f5580000, 0x00000000f5580000)
  object space 349696K, 99% used [0x00000000e0000000,0x00000000f557f948,0x00000000f5580000)
 Metaspace       used 60347K, committed 61632K, reserved 1105920K
  class space    used 5912K, committed 6464K, reserved 1048576K
}
Event: 348.105 GC heap after
{Heap after GC invocations=243 (full 146):
 PSYoungGen      total 39424K, used 27648K [0x00000000f5580000, 0x00000000f8980000, 0x0000000100000000)
  eden space 27648K, 100% used [0x00000000f5580000,0x00000000f7080000,0x00000000f7080000)
  from space 11776K, 0% used [0x00000000f7080000,0x00000000f7080000,0x00000000f7c00000)
  to   space 10752K, 0% used [0x00000000f7f00000,0x00000000f7f00000,0x00000000f8980000)
 ParOldGen       total 349696K, used 349693K [0x00000000e0000000, 0x00000000f5580000, 0x00000000f5580000)
  object space 349696K, 99% used [0x00000000e0000000,0x00000000f557f618,0x00000000f5580000)
 Metaspace       used 60347K, committed 61632K, reserved 1105920K
  class space    used 5912K, committed 6464K, reserved 1048576K
}
Event: 348.106 GC heap before
{Heap before GC invocations=244 (full 147):
 PSYoungGen      total 39424K, used 27648K [0x00000000f5580000, 0x00000000f8980000, 0x0000000100000000)
  eden space 27648K, 100% used [0x00000000f5580000,0x00000000f7080000,0x00000000f7080000)
  from space 11776K, 0% used [0x00000000f7080000,0x00000000f7080000,0x00000000f7c00000)
  to   space 10752K, 0% used [0x00000000f7f00000,0x00000000f7f00000,0x00000000f8980000)
 ParOldGen       total 349696K, used 349693K [0x00000000e0000000, 0x00000000f5580000, 0x00000000f5580000)
  object space 349696K, 99% used [0x00000000e0000000,0x00000000f557f660,0x00000000f5580000)
 Metaspace       used 60347K, committed 61632K, reserved 1105920K
  class space    used 5912K, committed 6464K, reserved 1048576K
}
Event: 349.842 GC heap after
{Heap after GC invocations=244 (full 147):
 PSYoungGen      total 38400K, used 27648K [0x00000000f5580000, 0x00000000f8980000, 0x0000000100000000)
  eden space 27648K, 100% used [0x00000000f5580000,0x00000000f7080000,0x00000000f7080000)
  from space 10752K, 0% used [0x00000000f7f00000,0x00000000f7f00000,0x00000000f8980000)
  to   space 11776K, 0% used [0x00000000f7080000,0x00000000f7080000,0x00000000f7c00000)
 ParOldGen       total 349696K, used 349693K [0x00000000e0000000, 0x00000000f5580000, 0x00000000f5580000)
  object space 349696K, 99% used [0x00000000e0000000,0x00000000f557f630,0x00000000f5580000)
 Metaspace       used 60347K, committed 61632K, reserved 1105920K
  class space    used 5912K, committed 6464K, reserved 1048576K
}
Event: 349.842 GC heap before
{Heap before GC invocations=245 (full 148):
 PSYoungGen      total 38400K, used 27648K [0x00000000f5580000, 0x00000000f8980000, 0x0000000100000000)
  eden space 27648K, 100% used [0x00000000f5580000,0x00000000f7080000,0x00000000f7080000)
  from space 10752K, 0% used [0x00000000f7f00000,0x00000000f7f00000,0x00000000f8980000)
  to   space 11776K, 0% used [0x00000000f7080000,0x00000000f7080000,0x00000000f7c00000)
 ParOldGen       total 349696K, used 349693K [0x00000000e0000000, 0x00000000f5580000, 0x00000000f5580000)
  object space 349696K, 99% used [0x00000000e0000000,0x00000000f557f630,0x00000000f5580000)
 Metaspace       used 60347K, committed 61632K, reserved 1105920K
  class space    used 5912K, committed 6464K, reserved 1048576K
}
Event: 351.723 GC heap after
{Heap after GC invocations=245 (full 148):
 PSYoungGen      total 39424K, used 27648K [0x00000000f5580000, 0x00000000f8980000, 0x0000000100000000)
  eden space 27648K, 100% used [0x00000000f5580000,0x00000000f7080000,0x00000000f7080000)
  from space 11776K, 0% used [0x00000000f7080000,0x00000000f7080000,0x00000000f7c00000)
  to   space 10752K, 0% used [0x00000000f7f00000,0x00000000f7f00000,0x00000000f8980000)
 ParOldGen       total 349696K, used 349693K [0x00000000e0000000, 0x00000000f5580000, 0x00000000f5580000)
  object space 349696K, 99% used [0x00000000e0000000,0x00000000f557f630,0x00000000f5580000)
 Metaspace       used 60347K, committed 61632K, reserved 1105920K
  class space    used 5912K, committed 6464K, reserved 1048576K
}
Event: 351.724 GC heap before
{Heap before GC invocations=246 (full 149):
 PSYoungGen      total 39424K, used 27648K [0x00000000f5580000, 0x00000000f8980000, 0x0000000100000000)
  eden space 27648K, 100% used [0x00000000f5580000,0x00000000f7080000,0x00000000f7080000)
  from space 11776K, 0% used [0x00000000f7080000,0x00000000f7080000,0x00000000f7c00000)
  to   space 10752K, 0% used [0x00000000f7f00000,0x00000000f7f00000,0x00000000f8980000)
 ParOldGen       total 349696K, used 349693K [0x00000000e0000000, 0x00000000f5580000, 0x00000000f5580000)
  object space 349696K, 99% used [0x00000000e0000000,0x00000000f557f648,0x00000000f5580000)
 Metaspace       used 60347K, committed 61632K, reserved 1105920K
  class space    used 5912K, committed 6464K, reserved 1048576K
}
Event: 353.392 GC heap after
{Heap after GC invocations=246 (full 149):
 PSYoungGen      total 38400K, used 27648K [0x00000000f5580000, 0x00000000f8980000, 0x0000000100000000)
  eden space 27648K, 100% used [0x00000000f5580000,0x00000000f7080000,0x00000000f7080000)
  from space 10752K, 0% used [0x00000000f7f00000,0x00000000f7f00000,0x00000000f8980000)
  to   space 11776K, 0% used [0x00000000f7080000,0x00000000f7080000,0x00000000f7c00000)
 ParOldGen       total 349696K, used 349692K [0x00000000e0000000, 0x00000000f5580000, 0x00000000f5580000)
  object space 349696K, 99% used [0x00000000e0000000,0x00000000f557f090,0x00000000f5580000)
 Metaspace       used 60347K, committed 61632K, reserved 1105920K
  class space    used 5912K, committed 6464K, reserved 1048576K
}
Event: 353.393 GC heap before
{Heap before GC invocations=247 (full 150):
 PSYoungGen      total 38400K, used 27648K [0x00000000f5580000, 0x00000000f8980000, 0x0000000100000000)
  eden space 27648K, 100% used [0x00000000f5580000,0x00000000f7080000,0x00000000f7080000)
  from space 10752K, 0% used [0x00000000f7f00000,0x00000000f7f00000,0x00000000f8980000)
  to   space 11776K, 0% used [0x00000000f7080000,0x00000000f7080000,0x00000000f7c00000)
 ParOldGen       total 349696K, used 349695K [0x00000000e0000000, 0x00000000f5580000, 0x00000000f5580000)
  object space 349696K, 99% used [0x00000000e0000000,0x00000000f557ff00,0x00000000f5580000)
 Metaspace       used 60347K, committed 61632K, reserved 1105920K
  class space    used 5912K, committed 6464K, reserved 1048576K
}
Event: 355.165 GC heap after
{Heap after GC invocations=247 (full 150):
 PSYoungGen      total 39424K, used 27648K [0x00000000f5580000, 0x00000000f8980000, 0x0000000100000000)
  eden space 27648K, 100% used [0x00000000f5580000,0x00000000f7080000,0x00000000f7080000)
  from space 11776K, 0% used [0x00000000f7080000,0x00000000f7080000,0x00000000f7c00000)
  to   space 10752K, 0% used [0x00000000f7f00000,0x00000000f7f00000,0x00000000f8980000)
 ParOldGen       total 349696K, used 349695K [0x00000000e0000000, 0x00000000f5580000, 0x00000000f5580000)
  object space 349696K, 99% used [0x00000000e0000000,0x00000000f557fd98,0x00000000f5580000)
 Metaspace       used 60347K, committed 61632K, reserved 1105920K
  class space    used 5912K, committed 6464K, reserved 1048576K
}
Event: 355.165 GC heap before
{Heap before GC invocations=248 (full 151):
 PSYoungGen      total 39424K, used 27648K [0x00000000f5580000, 0x00000000f8980000, 0x0000000100000000)
  eden space 27648K, 100% used [0x00000000f5580000,0x00000000f7080000,0x00000000f7080000)
  from space 11776K, 0% used [0x00000000f7080000,0x00000000f7080000,0x00000000f7c00000)
  to   space 10752K, 0% used [0x00000000f7f00000,0x00000000f7f00000,0x00000000f8980000)
 ParOldGen       total 349696K, used 349695K [0x00000000e0000000, 0x00000000f5580000, 0x00000000f5580000)
  object space 349696K, 99% used [0x00000000e0000000,0x00000000f557fd98,0x00000000f5580000)
 Metaspace       used 60347K, committed 61632K, reserved 1105920K
  class space    used 5912K, committed 6464K, reserved 1048576K
}
Event: 356.913 GC heap after
{Heap after GC invocations=248 (full 151):
 PSYoungGen      total 38400K, used 27648K [0x00000000f5580000, 0x00000000f8980000, 0x0000000100000000)
  eden space 27648K, 100% used [0x00000000f5580000,0x00000000f7080000,0x00000000f7080000)
  from space 10752K, 0% used [0x00000000f7f00000,0x00000000f7f00000,0x00000000f8980000)
  to   space 11776K, 0% used [0x00000000f7080000,0x00000000f7080000,0x00000000f7c00000)
 ParOldGen       total 349696K, used 349695K [0x00000000e0000000, 0x00000000f5580000, 0x00000000f5580000)
  object space 349696K, 99% used [0x00000000e0000000,0x00000000f557fd98,0x00000000f5580000)
 Metaspace       used 60347K, committed 61632K, reserved 1105920K
  class space    used 5912K, committed 6464K, reserved 1048576K
}

